[    3206ms] [INFO] %cDownload the React DevTools for a better development experience: https://react.dev/link/react-devtools font-weight:bold @ http://localhost:3001/_next/static/chunks/node_modules_next_dist_115brz8._.js:2477
[    3438ms] [LOG] [HMR] connected @ http://localhost:3001/_next/static/chunks/node_modules_next_dist_115brz8._.js:2477
[    4138ms] [LOG] [Fast Refresh] rebuilding @ http://localhost:3001/_next/static/chunks/node_modules_next_dist_115brz8._.js:2477
[   10046ms] [LOG] [Fast Refresh] done in 6008ms @ http://localhost:3001/_next/static/chunks/node_modules_next_dist_115brz8._.js:2477
[   10662ms] [LOG] [Fast Refresh] rebuilding @ http://localhost:3001/_next/static/chunks/node_modules_next_dist_115brz8._.js:2477
[   10703ms] [LOG] [Fast Refresh] done in 141ms @ http://localhost:3001/_next/static/chunks/node_modules_next_dist_115brz8._.js:2477
[   11080ms] [LOG] [Fast Refresh] rebuilding @ http://localhost:3001/_next/static/chunks/node_modules_next_dist_115brz8._.js:2477
[   11362ms] [LOG] [Fast Refresh] done in 382ms @ http://localhost:3001/_next/static/chunks/node_modules_next_dist_115brz8._.js:2477
[   11706ms] [LOG] [Fast Refresh] rebuilding @ http://localhost:3001/_next/static/chunks/node_modules_next_dist_115brz8._.js:2477
[   11967ms] [LOG] [Fast Refresh] done in 362ms @ http://localhost:3001/_next/static/chunks/node_modules_next_dist_115brz8._.js:2477
[   12144ms] [LOG] [Fast Refresh] rebuilding @ http://localhost:3001/_next/static/chunks/node_modules_next_dist_115brz8._.js:2477
[   12175ms] [LOG] [Fast Refresh] done in 133ms @ http://localhost:3001/_next/static/chunks/node_modules_next_dist_115brz8._.js:2477
[   12366ms] [LOG] [Fast Refresh] rebuilding @ http://localhost:3001/_next/static/chunks/node_modules_next_dist_115brz8._.js:2477
[   12509ms] [LOG] [Fast Refresh] done in 245ms @ http://localhost:3001/_next/static/chunks/node_modules_next_dist_115brz8._.js:2477
[   12731ms] [LOG] [Fast Refresh] rebuilding @ http://localhost:3001/_next/static/chunks/node_modules_next_dist_115brz8._.js:2477
[   12788ms] [LOG] [Fast Refresh] done in 158ms @ http://localhost:3001/_next/static/chunks/node_modules_next_dist_115brz8._.js:2477
[   13142ms] [LOG] [Fast Refresh] rebuilding @ http://localhost:3001/_next/static/chunks/node_modules_next_dist_115brz8._.js:2477
[   13273ms] [LOG] [Fast Refresh] done in 232ms @ http://localhost:3001/_next/static/chunks/node_modules_next_dist_115brz8._.js:2477
[   13417ms] [LOG] [Fast Refresh] rebuilding @ http://localhost:3001/_next/static/chunks/node_modules_next_dist_115brz8._.js:2477
[   13466ms] [LOG] [Fast Refresh] done in 149ms @ http://localhost:3001/_next/static/chunks/node_modules_next_dist_115brz8._.js:2477
[   13568ms] [LOG] [Fast Refresh] rebuilding @ http://localhost:3001/_next/static/chunks/node_modules_next_dist_115brz8._.js:2477
[   13687ms] [LOG] [Fast Refresh] done in 220ms @ http://localhost:3001/_next/static/chunks/node_modules_next_dist_115brz8._.js:2477
[   15628ms] [LOG] [Fast Refresh] rebuilding @ http://localhost:3001/_next/static/chunks/node_modules_next_dist_115brz8._.js:2477
[   15793ms] [LOG] [Fast Refresh] done in 266ms @ http://localhost:3001/_next/static/chunks/node_modules_next_dist_115brz8._.js:2477
[   16742ms] [LOG] [Fast Refresh] rebuilding @ http://localhost:3001/_next/static/chunks/node_modules_next_dist_115brz8._.js:2477
[   16793ms] [LOG] [Fast Refresh] done in 151ms @ http://localhost:3001/_next/static/chunks/node_modules_next_dist_115brz8._.js:2477
[  229802ms] [LOG] [Fast Refresh] rebuilding @ http://localhost:3001/_next/static/chunks/node_modules_next_dist_115brz8._.js:2477
[  229942ms] [LOG] [Fast Refresh] done in 211ms @ http://localhost:3001/_next/static/chunks/node_modules_next_dist_115brz8._.js:2477
[  238496ms] [LOG] [Fast Refresh] rebuilding @ http://localhost:3001/_next/static/chunks/node_modules_next_dist_115brz8._.js:2477
[  239073ms] [LOG] [Fast Refresh] done in 679ms @ http://localhost:3001/_next/static/chunks/node_modules_next_dist_115brz8._.js:2477
[  240467ms] [LOG] [Fast Refresh] rebuilding @ http://localhost:3001/_next/static/chunks/node_modules_next_dist_115brz8._.js:2477
[  240485ms] [LOG] [Fast Refresh] done in 120ms @ http://localhost:3001/_next/static/chunks/node_modules_next_dist_115brz8._.js:2477
[  340179ms] [LOG] [Fast Refresh] rebuilding @ http://localhost:3001/_next/static/chunks/node_modules_next_dist_115brz8._.js:2477
[  340301ms] [LOG] [Fast Refresh] done in 197ms @ http://localhost:3001/_next/static/chunks/node_modules_next_dist_115brz8._.js:2477
[  606002ms] [LOG] [Fast Refresh] rebuilding @ http://localhost:3001/_next/static/chunks/node_modules_next_dist_115brz8._.js:2477
[  606138ms] [LOG] [Fast Refresh] done in 215ms @ http://localhost:3001/_next/static/chunks/node_modules_next_dist_115brz8._.js:2477
[  683713ms] [LOG] [Fast Refresh] rebuilding @ http://localhost:3001/_next/static/chunks/node_modules_next_dist_115brz8._.js:2477
[  683937ms] [LOG] [Fast Refresh] done in 326ms @ http://localhost:3001/_next/static/chunks/node_modules_next_dist_115brz8._.js:2477
[  684119ms] [LOG] [Fast Refresh] rebuilding @ http://localhost:3001/_next/static/chunks/node_modules_next_dist_115brz8._.js:2477
[  684159ms] [LOG] [Fast Refresh] done in 141ms @ http://localhost:3001/_next/static/chunks/node_modules_next_dist_115brz8._.js:2477
[  692683ms] [LOG] [Fast Refresh] rebuilding @ http://localhost:3001/_next/static/chunks/node_modules_next_dist_115brz8._.js:2477
[  692710ms] [LOG] [Fast Refresh] done in 64ms @ http://localhost:3001/_next/static/chunks/node_modules_next_dist_115brz8._.js:2477
[  699257ms] [LOG] [Fast Refresh] rebuilding @ http://localhost:3001/_next/static/chunks/node_modules_next_dist_115brz8._.js:2477
[  699380ms] [LOG] [Fast Refresh] done in 225ms @ http://localhost:3001/_next/static/chunks/node_modules_next_dist_115brz8._.js:2477
[  739968ms] [LOG] [Fast Refresh] rebuilding @ http://localhost:3001/_next/static/chunks/node_modules_next_dist_115brz8._.js:2477
[  740107ms] [LOG] [Fast Refresh] done in 226ms @ http://localhost:3001/_next/static/chunks/node_modules_next_dist_115brz8._.js:2477
[  752034ms] [LOG] [Fast Refresh] rebuilding @ http://localhost:3001/_next/static/chunks/node_modules_next_dist_115brz8._.js:2477
[  752680ms] [LOG] [Fast Refresh] done in 748ms @ http://localhost:3001/_next/static/chunks/node_modules_next_dist_115brz8._.js:2477
[  753980ms] [LOG] [Fast Refresh] rebuilding @ http://localhost:3001/_next/static/chunks/node_modules_next_dist_115brz8._.js:2477
[  754144ms] [LOG] [Fast Refresh] done in 265ms @ http://localhost:3001/_next/static/chunks/node_modules_next_dist_115brz8._.js:2477
[  884587ms] [LOG] [Fast Refresh] rebuilding @ http://localhost:3001/_next/static/chunks/node_modules_next_dist_115brz8._.js:2477
[  884689ms] [LOG] [Fast Refresh] done in 183ms @ http://localhost:3001/_next/static/chunks/node_modules_next_dist_115brz8._.js:2477
[  896613ms] [LOG] [Fast Refresh] rebuilding @ http://localhost:3001/_next/static/chunks/node_modules_next_dist_115brz8._.js:2477
[  896704ms] [LOG] [Fast Refresh] done in 42ms @ http://localhost:3001/_next/static/chunks/node_modules_next_dist_115brz8._.js:2477
[  937561ms] [LOG] [Fast Refresh] rebuilding @ http://localhost:3001/_next/static/chunks/node_modules_next_dist_115brz8._.js:2477
[  937586ms] [LOG] [Fast Refresh] done in 58ms @ http://localhost:3001/_next/static/chunks/node_modules_next_dist_115brz8._.js:2477
[  958469ms] [LOG] [Fast Refresh] rebuilding @ http://localhost:3001/_next/static/chunks/node_modules_next_dist_115brz8._.js:2477
[  958525ms] [LOG] [Fast Refresh] done in 110ms @ http://localhost:3001/_next/static/chunks/node_modules_next_dist_115brz8._.js:2477
[ 1017197ms] [LOG] [Fast Refresh] rebuilding @ http://localhost:3001/_next/static/chunks/node_modules_next_dist_115brz8._.js:2477
[ 1017447ms] [ERROR] ./src/components/HeroSection.tsx:270:4
Expression expected
  268 |       </div>
  269 |
> 270 | <<<<<<< HEAD
      |    ^^
  271 |       {/* ─── Mobile Hero (clatians.com exact style) ─────────── */}
  272 |       <div className="md:hidden" style={{ background: '#f4f6fa' }}>
  273 |         {/* Slider container */}

Parsing ecmascript source code failed

Import trace:
  Server Component:
    ./src/components/HeroSection.tsx
    ./src/app/page.tsx @ http://localhost:3001/_next/static/chunks/node_modules_next_dist_115brz8._.js:3318
[ 1017447ms] [ERROR] ./src/components/Navbar.tsx:134:4
Expression expected
  132 |   return (
  133 |     <>
> 134 | <<<<<<< HEAD
      |    ^^
  135 | =======
  136 |       <style>{`
  137 |         @keyframes shimmer {

Parsing ecmascript source code failed

Import trace:
  Server Component:
    ./src/components/Navbar.tsx
    ./src/app/page.tsx @ http://localhost:3001/_next/static/chunks/node_modules_next_dist_115brz8._.js:3318
[ 1017447ms] [ERROR] ./src/components/ProgramsSection.tsx:126:4
Expression expected
  124 |         </div>
  125 |
> 126 | <<<<<<< HEAD
      |    ^^
  127 |         {/* Mobile: Tab filters + cards toggle */}
  128 |         <div className="md:hidden">
  129 |           {/* Tab pills */}

Parsing ecmascript source code failed

Import trace:
  Server Component:
    ./src/components/ProgramsSection.tsx
    ./src/app/page.tsx @ http://localhost:3001/_next/static/chunks/node_modules_next_dist_115brz8._.js:3318
[ 1017447ms] [ERROR] ./src/components/StatsSection.tsx:37:4
Expression expected
  35 |         </div>
  36 |
> 37 | <<<<<<< HEAD
     |    ^^
  38 |         {/* Mobile: single row equal boxes */}
  39 |         <div className="md:hidden grid grid-cols-4 gap-2">
  40 |           {mobileStats.map((stat) => (

Parsing ecmascript source code failed

Import trace:
  Server Component:
    ./src/components/StatsSection.tsx
    ./src/app/page.tsx @ http://localhost:3001/_next/static/chunks/node_modules_next_dist_115brz8._.js:3318
[ 1017447ms] [ERROR] ./src/components/Navbar.tsx:127:1
Merge conflict marker encountered.
  125 | }
  126 |
> 127 | >>>>>>> 6a8af1c (feat: add full CLATians website with updated navbar and mobile layout)
      | ^^^^^^^
  128 | export default function Navbar() {
  129 |   const [mobileOpen, setMobileOpen] = useState(false);
  130 |   const [openSub, setOpenSub] = useState<string | null>(null);

Parsing ecmascript source code failed

Import trace:
  Server Component:
    ./src/components/Navbar.tsx
    ./src/app/page.tsx @ http://localhost:3001/_next/static/chunks/node_modules_next_dist_115brz8._.js:3318
[ 1017447ms] [ERROR] ./src/components/ProgramsSection.tsx:74:1
Merge conflict marker encountered.
  72 |
  73 |   return (
> 74 | <<<<<<< HEAD
     | ^^^^^^^
  75 |     <section id="courses" className="pt-5 pb-8 md:py-20" style={{ background: 'var(--bg)' }}>
  76 |       <div className="max-w-7xl mx-auto px-4">
  77 | =======

Parsing ecmascript source code failed

Import trace:
  Server Component:
    ./src/components/ProgramsSection.tsx
    ./src/app/page.tsx @ http://localhost:3001/_next/static/chunks/node_modules_next_dist_115brz8._.js:3318
[ 1017447ms] [ERROR] ./src/components/StatsSection.tsx:17:1
Merge conflict marker encountered.
  15 | export default function StatsSection() {
  16 |   return (
> 17 | <<<<<<< HEAD
     | ^^^^^^^
  18 |     <section className="py-10 md:py-16 bg-white border-b border-gray-100">
  19 | =======
  20 |     <section className="py-2 md:py-16 bg-white border-b border-gray-100">

Parsing ecmascript source code failed

Import trace:
  Server Component:
    ./src/components/StatsSection.tsx
    ./src/app/page.tsx @ http://localhost:3001/_next/static/chunks/node_modules_next_dist_115brz8._.js:3318
[ 1017447ms] [ERROR] ./src/components/ProgramsSection.tsx:80:7
Unexpected token. Did you mean `{'>'}` or `&gt;`?
  78 |     <section id="courses" className="pt-2 pb-3 md:py-20" style={{ background: 'var(--bg)' }}>
  79 |       <div className="max-w-7xl mx-auto px-1 md:px-4">
> 80 | >>>>>>> 6a8af1c (feat: add full CLATians website with updated navbar and mobile layout)
     |       ^
  81 |         {/* Section Header — desktop only */}
  82 |         <div className="hidden md:block text-center mb-14">
  83 |           <span className="chip mb-3">Our Programs</span>

Parsing ecmascript source code failed

Import trace:
  Server Component:
    ./src/components/ProgramsSection.tsx
    ./src/app/page.tsx @ http://localhost:3001/_next/static/chunks/node_modules_next_dist_115brz8._.js:3318
[ 1017448ms] [ERROR] ./src/components/StatsSection.tsx:21:7
Unexpected token. Did you mean `{'>'}` or `&gt;`?
  19 | =======
  20 |     <section className="py-2 md:py-16 bg-white border-b border-gray-100">
> 21 | >>>>>>> 6a8af1c (feat: add full CLATians website with updated navbar and mobile layout)
     |       ^
  22 |       <div className="max-w-7xl mx-auto px-4">
  23 |         {/* Desktop: horizontal row */}
  24 |         <div className="hidden md:grid grid-cols-4 gap-6">

Parsing ecmascript source code failed

Import trace:
  Server Component:
    ./src/components/StatsSection.tsx
    ./src/app/page.tsx @ http://localhost:3001/_next/static/chunks/node_modules_next_dist_115brz8._.js:3318
[ 1017512ms] [ERROR] ./src/components/HeroSection.tsx:270:4
Expression expected
  268 |       </div>
  269 |
> 270 | <<<<<<< HEAD
      |    ^^
  271 |       {/* ─── Mobile Hero (clatians.com exact style) ─────────── */}
  272 |       <div className="md:hidden" style={{ background: '#f4f6fa' }}>
  273 |         {/* Slider container */}

Parsing ecmascript source code failed

Import trace:
  Server Component:
    ./src/components/HeroSection.tsx
    ./src/app/page.tsx @ http://localhost:3001/_next/static/chunks/node_modules_next_dist_115brz8._.js:3318
[ 1017512ms] [ERROR] ./src/components/Navbar.tsx:134:4
Expression expected
  132 |   return (
  133 |     <>
> 134 | <<<<<<< HEAD
      |    ^^
  135 | =======
  136 |       <style>{`
  137 |         @keyframes shimmer {

Parsing ecmascript source code failed

Import trace:
  Server Component:
    ./src/components/Navbar.tsx
    ./src/app/page.tsx @ http://localhost:3001/_next/static/chunks/node_modules_next_dist_115brz8._.js:3318
[ 1017512ms] [ERROR] ./src/components/ProgramsSection.tsx:126:4
Expression expected
  124 |         </div>
  125 |
> 126 | <<<<<<< HEAD
      |    ^^
  127 |         {/* Mobile: Tab filters + cards toggle */}
  128 |         <div className="md:hidden">
  129 |           {/* Tab pills */}

Parsing ecmascript source code failed

Import trace:
  Server Component:
    ./src/components/ProgramsSection.tsx
    ./src/app/page.tsx @ http://localhost:3001/_next/static/chunks/node_modules_next_dist_115brz8._.js:3318
[ 1017512ms] [ERROR] ./src/components/StatsSection.tsx:37:4
Expression expected
  35 |         </div>
  36 |
> 37 | <<<<<<< HEAD
     |    ^^
  38 |         {/* Mobile: single row equal boxes */}
  39 |         <div className="md:hidden grid grid-cols-4 gap-2">
  40 |           {mobileStats.map((stat) => (

Parsing ecmascript source code failed

Import trace:
  Server Component:
    ./src/components/StatsSection.tsx
    ./src/app/page.tsx @ http://localhost:3001/_next/static/chunks/node_modules_next_dist_115brz8._.js:3318
[ 1017512ms] [ERROR] ./src/components/Navbar.tsx:127:1
Merge conflict marker encountered.
  125 | }
  126 |
> 127 | >>>>>>> 6a8af1c (feat: add full CLATians website with updated navbar and mobile layout)
      | ^^^^^^^
  128 | export default function Navbar() {
  129 |   const [mobileOpen, setMobileOpen] = useState(false);
  130 |   const [openSub, setOpenSub] = useState<string | null>(null);

Parsing ecmascript source code failed

Import trace:
  Server Component:
    ./src/components/Navbar.tsx
    ./src/app/page.tsx @ http://localhost:3001/_next/static/chunks/node_modules_next_dist_115brz8._.js:3318
[ 1017512ms] [ERROR] ./src/components/ProgramsSection.tsx:74:1
Merge conflict marker encountered.
  72 |
  73 |   return (
> 74 | <<<<<<< HEAD
     | ^^^^^^^
  75 |     <section id="courses" className="pt-5 pb-8 md:py-20" style={{ background: 'var(--bg)' }}>
  76 |       <div className="max-w-7xl mx-auto px-4">
  77 | =======

Parsing ecmascript source code failed

Import trace:
  Server Component:
    ./src/components/ProgramsSection.tsx
    ./src/app/page.tsx @ http://localhost:3001/_next/static/chunks/node_modules_next_dist_115brz8._.js:3318
[ 1017512ms] [ERROR] ./src/components/StatsSection.tsx:17:1
Merge conflict marker encountered.
  15 | export default function StatsSection() {
  16 |   return (
> 17 | <<<<<<< HEAD
     | ^^^^^^^
  18 |     <section className="py-10 md:py-16 bg-white border-b border-gray-100">
  19 | =======
  20 |     <section className="py-2 md:py-16 bg-white border-b border-gray-100">

Parsing ecmascript source code failed

Import trace:
  Server Component:
    ./src/components/StatsSection.tsx
    ./src/app/page.tsx @ http://localhost:3001/_next/static/chunks/node_modules_next_dist_115brz8._.js:3318
[ 1017512ms] [ERROR] ./src/components/ProgramsSection.tsx:80:7
Unexpected token. Did you mean `{'>'}` or `&gt;`?
  78 |     <section id="courses" className="pt-2 pb-3 md:py-20" style={{ background: 'var(--bg)' }}>
  79 |       <div className="max-w-7xl mx-auto px-1 md:px-4">
> 80 | >>>>>>> 6a8af1c (feat: add full CLATians website with updated navbar and mobile layout)
     |       ^
  81 |         {/* Section Header — desktop only */}
  82 |         <div className="hidden md:block text-center mb-14">
  83 |           <span className="chip mb-3">Our Programs</span>

Parsing ecmascript source code failed

Import trace:
  Server Component:
    ./src/components/ProgramsSection.tsx
    ./src/app/page.tsx @ http://localhost:3001/_next/static/chunks/node_modules_next_dist_115brz8._.js:3318
[ 1017512ms] [ERROR] ./src/components/StatsSection.tsx:21:7
Unexpected token. Did you mean `{'>'}` or `&gt;`?
  19 | =======
  20 |     <section className="py-2 md:py-16 bg-white border-b border-gray-100">
> 21 | >>>>>>> 6a8af1c (feat: add full CLATians website with updated navbar and mobile layout)
     |       ^
  22 |       <div className="max-w-7xl mx-auto px-4">
  23 |         {/* Desktop: horizontal row */}
  24 |         <div className="hidden md:grid grid-cols-4 gap-6">

Parsing ecmascript source code failed

Import trace:
  Server Component:
    ./src/components/StatsSection.tsx
    ./src/app/page.tsx @ http://localhost:3001/_next/static/chunks/node_modules_next_dist_115brz8._.js:3318
[ 1017614ms] [LOG] [Fast Refresh] rebuilding @ http://localhost:3001/_next/static/chunks/node_modules_next_dist_115brz8._.js:2477
[ 1017976ms] [ERROR] ./src/components/HeroSection.tsx:270:4
Expression expected
  268 |       </div>
  269 |
> 270 | <<<<<<< HEAD
      |    ^^
  271 |       {/* ─── Mobile Hero (clatians.com exact style) ─────────── */}
  272 |       <div className="md:hidden" style={{ background: '#f4f6fa' }}>
  273 |         {/* Slider container */}

Parsing ecmascript source code failed

Import trace:
  Server Component:
    ./src/components/HeroSection.tsx
    ./src/app/page.tsx @ http://localhost:3001/_next/static/chunks/node_modules_next_dist_115brz8._.js:3318
[ 1017976ms] [ERROR] ./src/components/Navbar.tsx:134:4
Expression expected
  132 |   return (
  133 |     <>
> 134 | <<<<<<< HEAD
      |    ^^
  135 | =======
  136 |       <style>{`
  137 |         @keyframes shimmer {

Parsing ecmascript source code failed

Import trace:
  Server Component:
    ./src/components/Navbar.tsx
    ./src/app/page.tsx @ http://localhost:3001/_next/static/chunks/node_modules_next_dist_115brz8._.js:3318
[ 1017976ms] [ERROR] ./src/components/ProgramsSection.tsx:126:4
Expression expected
  124 |         </div>
  125 |
> 126 | <<<<<<< HEAD
      |    ^^
  127 |         {/* Mobile: Tab filters + cards toggle */}
  128 |         <div className="md:hidden">
  129 |           {/* Tab pills */}

Parsing ecmascript source code failed

Import trace:
  Server Component:
    ./src/components/ProgramsSection.tsx
    ./src/app/page.tsx @ http://localhost:3001/_next/static/chunks/node_modules_next_dist_115brz8._.js:3318
[ 1017976ms] [ERROR] ./src/components/StatsSection.tsx:37:4
Expression expected
  35 |         </div>
  36 |
> 37 | <<<<<<< HEAD
     |    ^^
  38 |         {/* Mobile: single row equal boxes */}
  39 |         <div className="md:hidden grid grid-cols-4 gap-2">
  40 |           {mobileStats.map((stat) => (

Parsing ecmascript source code failed

Import trace:
  Server Component:
    ./src/components/StatsSection.tsx
    ./src/app/page.tsx @ http://localhost:3001/_next/static/chunks/node_modules_next_dist_115brz8._.js:3318
[ 1017976ms] [ERROR] ./src/components/Navbar.tsx:127:1
Merge conflict marker encountered.
  125 | }
  126 |
> 127 | >>>>>>> 6a8af1c (feat: add full CLATians website with updated navbar and mobile layout)
      | ^^^^^^^
  128 | export default function Navbar() {
  129 |   const [mobileOpen, setMobileOpen] = useState(false);
  130 |   const [openSub, setOpenSub] = useState<string | null>(null);

Parsing ecmascript source code failed

Import trace:
  Server Component:
    ./src/components/Navbar.tsx
    ./src/app/page.tsx @ http://localhost:3001/_next/static/chunks/node_modules_next_dist_115brz8._.js:3318
[ 1017977ms] [ERROR] ./src/components/ProgramsSection.tsx:74:1
Merge conflict marker encountered.
  72 |
  73 |   return (
> 74 | <<<<<<< HEAD
     | ^^^^^^^
  75 |     <section id="courses" className="pt-5 pb-8 md:py-20" style={{ background: 'var(--bg)' }}>
  76 |       <div className="max-w-7xl mx-auto px-4">
  77 | =======

Parsing ecmascript source code failed

Import trace:
  Server Component:
    ./src/components/ProgramsSection.tsx
    ./src/app/page.tsx @ http://localhost:3001/_next/static/chunks/node_modules_next_dist_115brz8._.js:3318
[ 1017977ms] [ERROR] ./src/components/StatsSection.tsx:17:1
Merge conflict marker encountered.
  15 | export default function StatsSection() {
  16 |   return (
> 17 | <<<<<<< HEAD
     | ^^^^^^^
  18 |     <section className="py-10 md:py-16 bg-white border-b border-gray-100">
  19 | =======
  20 |     <section className="py-2 md:py-16 bg-white border-b border-gray-100">

Parsing ecmascript source code failed

Import trace:
  Server Component:
    ./src/components/StatsSection.tsx
    ./src/app/page.tsx @ http://localhost:3001/_next/static/chunks/node_modules_next_dist_115brz8._.js:3318
[ 1017977ms] [ERROR] ./src/components/ProgramsSection.tsx:80:7
Unexpected token. Did you mean `{'>'}` or `&gt;`?
  78 |     <section id="courses" className="pt-2 pb-3 md:py-20" style={{ background: 'var(--bg)' }}>
  79 |       <div className="max-w-7xl mx-auto px-1 md:px-4">
> 80 | >>>>>>> 6a8af1c (feat: add full CLATians website with updated navbar and mobile layout)
     |       ^
  81 |         {/* Section Header — desktop only */}
  82 |         <div className="hidden md:block text-center mb-14">
  83 |           <span className="chip mb-3">Our Programs</span>

Parsing ecmascript source code failed

Import trace:
  Server Component:
    ./src/components/ProgramsSection.tsx
    ./src/app/page.tsx @ http://localhost:3001/_next/static/chunks/node_modules_next_dist_115brz8._.js:3318
[ 1017977ms] [ERROR] ./src/components/StatsSection.tsx:21:7
Unexpected token. Did you mean `{'>'}` or `&gt;`?
  19 | =======
  20 |     <section className="py-2 md:py-16 bg-white border-b border-gray-100">
> 21 | >>>>>>> 6a8af1c (feat: add full CLATians website with updated navbar and mobile layout)
     |       ^
  22 |       <div className="max-w-7xl mx-auto px-4">
  23 |         {/* Desktop: horizontal row */}
  24 |         <div className="hidden md:grid grid-cols-4 gap-6">

Parsing ecmascript source code failed

Import trace:
  Server Component:
    ./src/components/StatsSection.tsx
    ./src/app/page.tsx @ http://localhost:3001/_next/static/chunks/node_modules_next_dist_115brz8._.js:3318
[ 1018085ms] [LOG] [Fast Refresh] rebuilding @ http://localhost:3001/_next/static/chunks/node_modules_next_dist_115brz8._.js:2477
[ 1018248ms] [ERROR] ./src/components/HeroSection.tsx:270:4
Expression expected
  268 |       </div>
  269 |
> 270 | <<<<<<< HEAD
      |    ^^
  271 |       {/* ─── Mobile Hero (clatians.com exact style) ─────────── */}
  272 |       <div className="md:hidden" style={{ background: '#f4f6fa' }}>
  273 |         {/* Slider container */}

Parsing ecmascript source code failed

Import trace:
  Server Component:
    ./src/components/HeroSection.tsx
    ./src/app/page.tsx @ http://localhost:3001/_next/static/chunks/node_modules_next_dist_115brz8._.js:3318
[ 1018248ms] [ERROR] ./src/components/Navbar.tsx:134:4
Expression expected
  132 |   return (
  133 |     <>
> 134 | <<<<<<< HEAD
      |    ^^
  135 | =======
  136 |       <style>{`
  137 |         @keyframes shimmer {

Parsing ecmascript source code failed

Import trace:
  Server Component:
    ./src/components/Navbar.tsx
    ./src/app/page.tsx @ http://localhost:3001/_next/static/chunks/node_modules_next_dist_115brz8._.js:3318
[ 1018248ms] [ERROR] ./src/components/ProgramsSection.tsx:126:4
Expression expected
  124 |         </div>
  125 |
> 126 | <<<<<<< HEAD
      |    ^^
  127 |         {/* Mobile: Tab filters + cards toggle */}
  128 |         <div className="md:hidden">
  129 |           {/* Tab pills */}

Parsing ecmascript source code failed

Import trace:
  Server Component:
    ./src/components/ProgramsSection.tsx
    ./src/app/page.tsx @ http://localhost:3001/_next/static/chunks/node_modules_next_dist_115brz8._.js:3318
[ 1018248ms] [ERROR] ./src/components/StatsSection.tsx:37:4
Expression expected
  35 |         </div>
  36 |
> 37 | <<<<<<< HEAD
     |    ^^
  38 |         {/* Mobile: single row equal boxes */}
  39 |         <div className="md:hidden grid grid-cols-4 gap-2">
  40 |           {mobileStats.map((stat) => (

Parsing ecmascript source code failed

Import trace:
  Server Component:
    ./src/components/StatsSection.tsx
    ./src/app/page.tsx @ http://localhost:3001/_next/static/chunks/node_modules_next_dist_115brz8._.js:3318
[ 1018248ms] [ERROR] ./src/components/Navbar.tsx:127:1
Merge conflict marker encountered.
  125 | }
  126 |
> 127 | >>>>>>> 6a8af1c (feat: add full CLATians website with updated navbar and mobile layout)
      | ^^^^^^^
  128 | export default function Navbar() {
  129 |   const [mobileOpen, setMobileOpen] = useState(false);
  130 |   const [openSub, setOpenSub] = useState<string | null>(null);

Parsing ecmascript source code failed

Import trace:
  Server Component:
    ./src/components/Navbar.tsx
    ./src/app/page.tsx @ http://localhost:3001/_next/static/chunks/node_modules_next_dist_115brz8._.js:3318
[ 1018248ms] [ERROR] ./src/components/ProgramsSection.tsx:74:1
Merge conflict marker encountered.
  72 |
  73 |   return (
> 74 | <<<<<<< HEAD
     | ^^^^^^^
  75 |     <section id="courses" className="pt-5 pb-8 md:py-20" style={{ background: 'var(--bg)' }}>
  76 |       <div className="max-w-7xl mx-auto px-4">
  77 | =======

Parsing ecmascript source code failed

Import trace:
  Server Component:
    ./src/components/ProgramsSection.tsx
    ./src/app/page.tsx @ http://localhost:3001/_next/static/chunks/node_modules_next_dist_115brz8._.js:3318
[ 1018249ms] [ERROR] ./src/components/StatsSection.tsx:17:1
Merge conflict marker encountered.
  15 | export default function StatsSection() {
  16 |   return (
> 17 | <<<<<<< HEAD
     | ^^^^^^^
  18 |     <section className="py-10 md:py-16 bg-white border-b border-gray-100">
  19 | =======
  20 |     <section className="py-2 md:py-16 bg-white border-b border-gray-100">

Parsing ecmascript source code failed

Import trace:
  Server Component:
    ./src/components/StatsSection.tsx
    ./src/app/page.tsx @ http://localhost:3001/_next/static/chunks/node_modules_next_dist_115brz8._.js:3318
[ 1018249ms] [ERROR] ./src/components/ProgramsSection.tsx:80:7
Unexpected token. Did you mean `{'>'}` or `&gt;`?
  78 |     <section id="courses" className="pt-2 pb-3 md:py-20" style={{ background: 'var(--bg)' }}>
  79 |       <div className="max-w-7xl mx-auto px-1 md:px-4">
> 80 | >>>>>>> 6a8af1c (feat: add full CLATians website with updated navbar and mobile layout)
     |       ^
  81 |         {/* Section Header — desktop only */}
  82 |         <div className="hidden md:block text-center mb-14">
  83 |           <span className="chip mb-3">Our Programs</span>

Parsing ecmascript source code failed

Import trace:
  Server Component:
    ./src/components/ProgramsSection.tsx
    ./src/app/page.tsx @ http://localhost:3001/_next/static/chunks/node_modules_next_dist_115brz8._.js:3318
[ 1018249ms] [ERROR] ./src/components/StatsSection.tsx:21:7
Unexpected token. Did you mean `{'>'}` or `&gt;`?
  19 | =======
  20 |     <section className="py-2 md:py-16 bg-white border-b border-gray-100">
> 21 | >>>>>>> 6a8af1c (feat: add full CLATians website with updated navbar and mobile layout)
     |       ^
  22 |       <div className="max-w-7xl mx-auto px-4">
  23 |         {/* Desktop: horizontal row */}
  24 |         <div className="hidden md:grid grid-cols-4 gap-6">

Parsing ecmascript source code failed

Import trace:
  Server Component:
    ./src/components/StatsSection.tsx
    ./src/app/page.tsx @ http://localhost:3001/_next/static/chunks/node_modules_next_dist_115brz8._.js:3318
[ 1018249ms] [ERROR] Failed to load resource: the server responded with a status of 500 (Internal Server Error) @ http://localhost:3001/?_rsc=q3mOO9BClNZHexY7:0
[ 1018288ms] [ERROR] Failed to load resource: the server responded with a status of 500 (Internal Server Error) @ http://localhost:3001/?_rsc=q3mOO9BClNZHexY7:0
[ 1018355ms] [LOG] [Fast Refresh] rebuilding @ http://localhost:3001/_next/static/chunks/node_modules_next_dist_115brz8._.js:2477
[ 1018358ms] [ERROR] Failed to load resource: the server responded with a status of 500 (Internal Server Error) @ http://localhost:3001/?_rsc=q3mOO9BClNZHexY7:0
[ 1018382ms] [ERROR] ./src/components/HeroSection.tsx:270:4
Expression expected
  268 |       </div>
  269 |
> 270 | <<<<<<< HEAD
      |    ^^
  271 |       {/* ─── Mobile Hero (clatians.com exact style) ─────────── */}
  272 |       <div className="md:hidden" style={{ background: '#f4f6fa' }}>
  273 |         {/* Slider container */}

Parsing ecmascript source code failed

Import trace:
  Server Component:
    ./src/components/HeroSection.tsx
    ./src/app/page.tsx @ http://localhost:3001/_next/static/chunks/node_modules_next_dist_115brz8._.js:3318
[ 1018382ms] [ERROR] ./src/components/Navbar.tsx:134:4
Expression expected
  132 |   return (
  133 |     <>
> 134 | <<<<<<< HEAD
      |    ^^
  135 | =======
  136 |       <style>{`
  137 |         @keyframes shimmer {

Parsing ecmascript source code failed

Import trace:
  Server Component:
    ./src/components/Navbar.tsx
    ./src/app/page.tsx @ http://localhost:3001/_next/static/chunks/node_modules_next_dist_115brz8._.js:3318
[ 1018382ms] [ERROR] ./src/components/ProgramsSection.tsx:126:4
Expression expected
  124 |         </div>
  125 |
> 126 | <<<<<<< HEAD
      |    ^^
  127 |         {/* Mobile: Tab filters + cards toggle */}
  128 |         <div className="md:hidden">
  129 |           {/* Tab pills */}

Parsing ecmascript source code failed

Import trace:
  Server Component:
    ./src/components/ProgramsSection.tsx
    ./src/app/page.tsx @ http://localhost:3001/_next/static/chunks/node_modules_next_dist_115brz8._.js:3318
[ 1018382ms] [ERROR] ./src/components/StatsSection.tsx:37:4
Expression expected
  35 |         </div>
  36 |
> 37 | <<<<<<< HEAD
     |    ^^
  38 |         {/* Mobile: single row equal boxes */}
  39 |         <div className="md:hidden grid grid-cols-4 gap-2">
  40 |           {mobileStats.map((stat) => (

Parsing ecmascript source code failed

Import trace:
  Server Component:
    ./src/components/StatsSection.tsx
    ./src/app/page.tsx @ http://localhost:3001/_next/static/chunks/node_modules_next_dist_115brz8._.js:3318
[ 1018382ms] [ERROR] ./src/components/Navbar.tsx:127:1
Merge conflict marker encountered.
  125 | }
  126 |
> 127 | >>>>>>> 6a8af1c (feat: add full CLATians website with updated navbar and mobile layout)
      | ^^^^^^^
  128 | export default function Navbar() {
  129 |   const [mobileOpen, setMobileOpen] = useState(false);
  130 |   const [openSub, setOpenSub] = useState<string | null>(null);

Parsing ecmascript source code failed

Import trace:
  Server Component:
    ./src/components/Navbar.tsx
    ./src/app/page.tsx @ http://localhost:3001/_next/static/chunks/node_modules_next_dist_115brz8._.js:3318
[ 1018382ms] [ERROR] ./src/components/ProgramsSection.tsx:74:1
Merge conflict marker encountered.
  72 |
  73 |   return (
> 74 | <<<<<<< HEAD
     | ^^^^^^^
  75 |     <section id="courses" className="pt-5 pb-8 md:py-20" style={{ background: 'var(--bg)' }}>
  76 |       <div className="max-w-7xl mx-auto px-4">
  77 | =======

Parsing ecmascript source code failed

Import trace:
  Server Component:
    ./src/components/ProgramsSection.tsx
    ./src/app/page.tsx @ http://localhost:3001/_next/static/chunks/node_modules_next_dist_115brz8._.js:3318
[ 1018383ms] [ERROR] ./src/components/StatsSection.tsx:17:1
Merge conflict marker encountered.
  15 | export default function StatsSection() {
  16 |   return (
> 17 | <<<<<<< HEAD
     | ^^^^^^^
  18 |     <section className="py-10 md:py-16 bg-white border-b border-gray-100">
  19 | =======
  20 |     <section className="py-2 md:py-16 bg-white border-b border-gray-100">

Parsing ecmascript source code failed

Import trace:
  Server Component:
    ./src/components/StatsSection.tsx
    ./src/app/page.tsx @ http://localhost:3001/_next/static/chunks/node_modules_next_dist_115brz8._.js:3318
[ 1018383ms] [ERROR] ./src/components/ProgramsSection.tsx:80:7
Unexpected token. Did you mean `{'>'}` or `&gt;`?
  78 |     <section id="courses" className="pt-2 pb-3 md:py-20" style={{ background: 'var(--bg)' }}>
  79 |       <div className="max-w-7xl mx-auto px-1 md:px-4">
> 80 | >>>>>>> 6a8af1c (feat: add full CLATians website with updated navbar and mobile layout)
     |       ^
  81 |         {/* Section Header — desktop only */}
  82 |         <div className="hidden md:block text-center mb-14">
  83 |           <span className="chip mb-3">Our Programs</span>

Parsing ecmascript source code failed

Import trace:
  Server Component:
    ./src/components/ProgramsSection.tsx
    ./src/app/page.tsx @ http://localhost:3001/_next/static/chunks/node_modules_next_dist_115brz8._.js:3318
[ 1018383ms] [ERROR] ./src/components/StatsSection.tsx:21:7
Unexpected token. Did you mean `{'>'}` or `&gt;`?
  19 | =======
  20 |     <section className="py-2 md:py-16 bg-white border-b border-gray-100">
> 21 | >>>>>>> 6a8af1c (feat: add full CLATians website with updated navbar and mobile layout)
     |       ^
  22 |       <div className="max-w-7xl mx-auto px-4">
  23 |         {/* Desktop: horizontal row */}
  24 |         <div className="hidden md:grid grid-cols-4 gap-6">

Parsing ecmascript source code failed

Import trace:
  Server Component:
    ./src/components/StatsSection.tsx
    ./src/app/page.tsx @ http://localhost:3001/_next/static/chunks/node_modules_next_dist_115brz8._.js:3318
[ 1018416ms] [ERROR] Failed to load resource: the server responded with a status of 500 (Internal Server Error) @ http://localhost:3001/?_rsc=q3mOO9BClNZHexY7:0
[ 1018444ms] [ERROR] ./src/components/HeroSection.tsx:270:4
Expression expected
  268 |       </div>
  269 |
> 270 | <<<<<<< HEAD
      |    ^^
  271 |       {/* ─── Mobile Hero (clatians.com exact style) ─────────── */}
  272 |       <div className="md:hidden" style={{ background: '#f4f6fa' }}>
  273 |         {/* Slider container */}

Parsing ecmascript source code failed

Import trace:
  Server Component:
    ./src/components/HeroSection.tsx
    ./src/app/page.tsx @ http://localhost:3001/_next/static/chunks/node_modules_next_dist_115brz8._.js:3318
[ 1018444ms] [ERROR] ./src/components/Navbar.tsx:134:4
Expression expected
  132 |   return (
  133 |     <>
> 134 | <<<<<<< HEAD
      |    ^^
  135 | =======
  136 |       <style>{`
  137 |         @keyframes shimmer {

Parsing ecmascript source code failed

Import trace:
  Server Component:
    ./src/components/Navbar.tsx
    ./src/app/page.tsx @ http://localhost:3001/_next/static/chunks/node_modules_next_dist_115brz8._.js:3318
[ 1018444ms] [ERROR] ./src/components/ProgramsSection.tsx:126:4
Expression expected
  124 |         </div>
  125 |
> 126 | <<<<<<< HEAD
      |    ^^
  127 |         {/* Mobile: Tab filters + cards toggle */}
  128 |         <div className="md:hidden">
  129 |           {/* Tab pills */}

Parsing ecmascript source code failed

Import trace:
  Server Component:
    ./src/components/ProgramsSection.tsx
    ./src/app/page.tsx @ http://localhost:3001/_next/static/chunks/node_modules_next_dist_115brz8._.js:3318
[ 1018444ms] [ERROR] ./src/components/StatsSection.tsx:37:4
Expression expected
  35 |         </div>
  36 |
> 37 | <<<<<<< HEAD
     |    ^^
  38 |         {/* Mobile: single row equal boxes */}
  39 |         <div className="md:hidden grid grid-cols-4 gap-2">
  40 |           {mobileStats.map((stat) => (

Parsing ecmascript source code failed

Import trace:
  Server Component:
    ./src/components/StatsSection.tsx
    ./src/app/page.tsx @ http://localhost:3001/_next/static/chunks/node_modules_next_dist_115brz8._.js:3318
[ 1018444ms] [ERROR] ./src/components/Navbar.tsx:127:1
Merge conflict marker encountered.
  125 | }
  126 |
> 127 | >>>>>>> 6a8af1c (feat: add full CLATians website with updated navbar and mobile layout)
      | ^^^^^^^
  128 | export default function Navbar() {
  129 |   const [mobileOpen, setMobileOpen] = useState(false);
  130 |   const [openSub, setOpenSub] = useState<string | null>(null);

Parsing ecmascript source code failed

Import trace:
  Server Component:
    ./src/components/Navbar.tsx
    ./src/app/page.tsx @ http://localhost:3001/_next/static/chunks/node_modules_next_dist_115brz8._.js:3318
[ 1018444ms] [ERROR] ./src/components/ProgramsSection.tsx:74:1
Merge conflict marker encountered.
  72 |
  73 |   return (
> 74 | <<<<<<< HEAD
     | ^^^^^^^
  75 |     <section id="courses" className="pt-5 pb-8 md:py-20" style={{ background: 'var(--bg)' }}>
  76 |       <div className="max-w-7xl mx-auto px-4">
  77 | =======

Parsing ecmascript source code failed

Import trace:
  Server Component:
    ./src/components/ProgramsSection.tsx
    ./src/app/page.tsx @ http://localhost:3001/_next/static/chunks/node_modules_next_dist_115brz8._.js:3318
[ 1018444ms] [ERROR] ./src/components/StatsSection.tsx:17:1
Merge conflict marker encountered.
  15 | export default function StatsSection() {
  16 |   return (
> 17 | <<<<<<< HEAD
     | ^^^^^^^
  18 |     <section className="py-10 md:py-16 bg-white border-b border-gray-100">
  19 | =======
  20 |     <section className="py-2 md:py-16 bg-white border-b border-gray-100">

Parsing ecmascript source code failed

Import trace:
  Server Component:
    ./src/components/StatsSection.tsx
    ./src/app/page.tsx @ http://localhost:3001/_next/static/chunks/node_modules_next_dist_115brz8._.js:3318
[ 1018444ms] [ERROR] ./src/components/ProgramsSection.tsx:80:7
Unexpected token. Did you mean `{'>'}` or `&gt;`?
  78 |     <section id="courses" className="pt-2 pb-3 md:py-20" style={{ background: 'var(--bg)' }}>
  79 |       <div className="max-w-7xl mx-auto px-1 md:px-4">
> 80 | >>>>>>> 6a8af1c (feat: add full CLATians website with updated navbar and mobile layout)
     |       ^
  81 |         {/* Section Header — desktop only */}
  82 |         <div className="hidden md:block text-center mb-14">
  83 |           <span className="chip mb-3">Our Programs</span>

Parsing ecmascript source code failed

Import trace:
  Server Component:
    ./src/components/ProgramsSection.tsx
    ./src/app/page.tsx @ http://localhost:3001/_next/static/chunks/node_modules_next_dist_115brz8._.js:3318
[ 1018444ms] [ERROR] ./src/components/StatsSection.tsx:21:7
Unexpected token. Did you mean `{'>'}` or `&gt;`?
  19 | =======
  20 |     <section className="py-2 md:py-16 bg-white border-b border-gray-100">
> 21 | >>>>>>> 6a8af1c (feat: add full CLATians website with updated navbar and mobile layout)
     |       ^
  22 |       <div className="max-w-7xl mx-auto px-4">
  23 |         {/* Desktop: horizontal row */}
  24 |         <div className="hidden md:grid grid-cols-4 gap-6">

Parsing ecmascript source code failed

Import trace:
  Server Component:
    ./src/components/StatsSection.tsx
    ./src/app/page.tsx @ http://localhost:3001/_next/static/chunks/node_modules_next_dist_115brz8._.js:3318
[ 1018454ms] [ERROR] Failed to load resource: the server responded with a status of 500 (Internal Server Error) @ http://localhost:3001/:0
[ 1018580ms] [INFO] %cDownload the React DevTools for a better development experience: https://react.dev/link/react-devtools font-weight:bold @ http://localhost:3001/_next/static/chunks/node_modules_react-dom_0bruynb._.js:15305
[ 1018642ms] Error: ./src/components/HeroSection.tsx:270:4
Expression expected
  268 |       </div>
  269 |
> 270 | <<<<<<< HEAD
      |    ^^
  271 |       {/* ─── Mobile Hero (clatians.com exact style) ─────────── */}
  272 |       <div className="md:hidden" style={{ background: '#f4f6fa' }}>
  273 |         {/* Slider container */}

Parsing ecmascript source code failed

Import trace:
  Server Component:
    ./src/components/HeroSection.tsx
    ./src/app/page.tsx


    at <unknown> (Error: ./src/components/HeroSection.tsx:270:4)
    at Object.getCompilationErrors (file:///Users/alokkumar/Desktop/clatiansanewweb/node_modules/next/dist/server/dev/hot-reloader-turbopack.js:1186:59)
    at DevBundlerService.getCompilationError (file:///Users/alokkumar/Desktop/clatiansanewweb/node_modules/next/dist/server/lib/dev-bundler-service.js:44:55)
    at DevServer.getCompilationError (file:///Users/alokkumar/Desktop/clatiansanewweb/node_modules/next/dist/server/dev/next-dev-server.js:720:42)
    at DevServer.findPageComponents (file:///Users/alokkumar/Desktop/clatiansanewweb/node_modules/next/dist/server/dev/next-dev-server.js:690:43)
    at async DevServer.renderErrorToResponseImpl (file:///Users/alokkumar/Desktop/clatiansanewweb/node_modules/next/dist/server/base-server.js:1753:26)
[ 1018678ms] [LOG] [HMR] connected @ http://localhost:3001/_next/static/chunks/node_modules_next_dist_0u_w_5s._.js:1226
[ 1018726ms] [ERROR] ./src/components/HeroSection.tsx:270:4
Expression expected
  268 |       </div>
  269 |
> 270 | <<<<<<< HEAD
      |    ^^
  271 |       {/* ─── Mobile Hero (clatians.com exact style) ─────────── */}
  272 |       <div className="md:hidden" style={{ background: '#f4f6fa' }}>
  273 |         {/* Slider container */}

Parsing ecmascript source code failed

Import trace:
  Server Component:
    ./src/components/HeroSection.tsx
    ./src/app/page.tsx @ http://localhost:3001/_next/static/chunks/node_modules_next_dist_0u_w_5s._.js:1945
[ 1018726ms] [ERROR] ./src/components/Navbar.tsx:134:4
Expression expected
  132 |   return (
  133 |     <>
> 134 | <<<<<<< HEAD
      |    ^^
  135 | =======
  136 |       <style>{`
  137 |         @keyframes shimmer {

Parsing ecmascript source code failed

Import trace:
  Server Component:
    ./src/components/Navbar.tsx
    ./src/app/page.tsx @ http://localhost:3001/_next/static/chunks/node_modules_next_dist_0u_w_5s._.js:1945
[ 1018726ms] [ERROR] ./src/components/ProgramsSection.tsx:126:4
Expression expected
  124 |         </div>
  125 |
> 126 | <<<<<<< HEAD
      |    ^^
  127 |         {/* Mobile: Tab filters + cards toggle */}
  128 |         <div className="md:hidden">
  129 |           {/* Tab pills */}

Parsing ecmascript source code failed

Import trace:
  Server Component:
    ./src/components/ProgramsSection.tsx
    ./src/app/page.tsx @ http://localhost:3001/_next/static/chunks/node_modules_next_dist_0u_w_5s._.js:1945
[ 1018726ms] [ERROR] ./src/components/StatsSection.tsx:37:4
Expression expected
  35 |         </div>
  36 |
> 37 | <<<<<<< HEAD
     |    ^^
  38 |         {/* Mobile: single row equal boxes */}
  39 |         <div className="md:hidden grid grid-cols-4 gap-2">
  40 |           {mobileStats.map((stat) => (

Parsing ecmascript source code failed

Import trace:
  Server Component:
    ./src/components/StatsSection.tsx
    ./src/app/page.tsx @ http://localhost:3001/_next/static/chunks/node_modules_next_dist_0u_w_5s._.js:1945
[ 1018727ms] [ERROR] ./src/components/Navbar.tsx:127:1
Merge conflict marker encountered.
  125 | }
  126 |
> 127 | >>>>>>> 6a8af1c (feat: add full CLATians website with updated navbar and mobile layout)
      | ^^^^^^^
  128 | export default function Navbar() {
  129 |   const [mobileOpen, setMobileOpen] = useState(false);
  130 |   const [openSub, setOpenSub] = useState<string | null>(null);

Parsing ecmascript source code failed

Import trace:
  Server Component:
    ./src/components/Navbar.tsx
    ./src/app/page.tsx @ http://localhost:3001/_next/static/chunks/node_modules_next_dist_0u_w_5s._.js:1945
[ 1018727ms] [ERROR] ./src/components/ProgramsSection.tsx:74:1
Merge conflict marker encountered.
  72 |
  73 |   return (
> 74 | <<<<<<< HEAD
     | ^^^^^^^
  75 |     <section id="courses" className="pt-5 pb-8 md:py-20" style={{ background: 'var(--bg)' }}>
  76 |       <div className="max-w-7xl mx-auto px-4">
  77 | =======

Parsing ecmascript source code failed

Import trace:
  Server Component:
    ./src/components/ProgramsSection.tsx
    ./src/app/page.tsx @ http://localhost:3001/_next/static/chunks/node_modules_next_dist_0u_w_5s._.js:1945
[ 1018727ms] [ERROR] ./src/components/StatsSection.tsx:17:1
Merge conflict marker encountered.
  15 | export default function StatsSection() {
  16 |   return (
> 17 | <<<<<<< HEAD
     | ^^^^^^^
  18 |     <section className="py-10 md:py-16 bg-white border-b border-gray-100">
  19 | =======
  20 |     <section className="py-2 md:py-16 bg-white border-b border-gray-100">

Parsing ecmascript source code failed

Import trace:
  Server Component:
    ./src/components/StatsSection.tsx
    ./src/app/page.tsx @ http://localhost:3001/_next/static/chunks/node_modules_next_dist_0u_w_5s._.js:1945
[ 1018727ms] [ERROR] ./src/components/ProgramsSection.tsx:80:7
Unexpected token. Did you mean `{'>'}` or `&gt;`?
  78 |     <section id="courses" className="pt-2 pb-3 md:py-20" style={{ background: 'var(--bg)' }}>
  79 |       <div className="max-w-7xl mx-auto px-1 md:px-4">
> 80 | >>>>>>> 6a8af1c (feat: add full CLATians website with updated navbar and mobile layout)
     |       ^
  81 |         {/* Section Header — desktop only */}
  82 |         <div className="hidden md:block text-center mb-14">
  83 |           <span className="chip mb-3">Our Programs</span>

Parsing ecmascript source code failed

Import trace:
  Server Component:
    ./src/components/ProgramsSection.tsx
    ./src/app/page.tsx @ http://localhost:3001/_next/static/chunks/node_modules_next_dist_0u_w_5s._.js:1945
[ 1018727ms] [ERROR] ./src/components/StatsSection.tsx:21:7
Unexpected token. Did you mean `{'>'}` or `&gt;`?
  19 | =======
  20 |     <section className="py-2 md:py-16 bg-white border-b border-gray-100">
> 21 | >>>>>>> 6a8af1c (feat: add full CLATians website with updated navbar and mobile layout)
     |       ^
  22 |       <div className="max-w-7xl mx-auto px-4">
  23 |         {/* Desktop: horizontal row */}
  24 |         <div className="hidden md:grid grid-cols-4 gap-6">

Parsing ecmascript source code failed

Import trace:
  Server Component:
    ./src/components/StatsSection.tsx
    ./src/app/page.tsx @ http://localhost:3001/_next/static/chunks/node_modules_next_dist_0u_w_5s._.js:1945
[ 1018728ms] [ERROR] ./src/components/HeroSection.tsx:270:4
Expression expected
  268 |       </div>
  269 |
> 270 | <<<<<<< HEAD
      |    ^^
  271 |       {/* ─── Mobile Hero (clatians.com exact style) ─────────── */}
  272 |       <div className="md:hidden" style={{ background: '#f4f6fa' }}>
  273 |         {/* Slider container */}

Parsing ecmascript source code failed

Import trace:
  Server Component:
    ./src/components/HeroSection.tsx
    ./src/app/page.tsx @ http://localhost:3001/_next/static/chunks/node_modules_next_dist_0u_w_5s._.js:1945
[ 1018728ms] [ERROR] ./src/components/Navbar.tsx:134:4
Expression expected
  132 |   return (
  133 |     <>
> 134 | <<<<<<< HEAD
      |    ^^
  135 | =======
  136 |       <style>{`
  137 |         @keyframes shimmer {

Parsing ecmascript source code failed

Import trace:
  Server Component:
    ./src/components/Navbar.tsx
    ./src/app/page.tsx @ http://localhost:3001/_next/static/chunks/node_modules_next_dist_0u_w_5s._.js:1945
[ 1018728ms] [ERROR] ./src/components/ProgramsSection.tsx:126:4
Expression expected
  124 |         </div>
  125 |
> 126 | <<<<<<< HEAD
      |    ^^
  127 |         {/* Mobile: Tab filters + cards toggle */}
  128 |         <div className="md:hidden">
  129 |           {/* Tab pills */}

Parsing ecmascript source code failed

Import trace:
  Server Component:
    ./src/components/ProgramsSection.tsx
    ./src/app/page.tsx @ http://localhost:3001/_next/static/chunks/node_modules_next_dist_0u_w_5s._.js:1945
[ 1018728ms] [ERROR] ./src/components/StatsSection.tsx:37:4
Expression expected
  35 |         </div>
  36 |
> 37 | <<<<<<< HEAD
     |    ^^
  38 |         {/* Mobile: single row equal boxes */}
  39 |         <div className="md:hidden grid grid-cols-4 gap-2">
  40 |           {mobileStats.map((stat) => (

Parsing ecmascript source code failed

Import trace:
  Server Component:
    ./src/components/StatsSection.tsx
    ./src/app/page.tsx @ http://localhost:3001/_next/static/chunks/node_modules_next_dist_0u_w_5s._.js:1945
[ 1018728ms] [ERROR] ./src/components/Navbar.tsx:127:1
Merge conflict marker encountered.
  125 | }
  126 |
> 127 | >>>>>>> 6a8af1c (feat: add full CLATians website with updated navbar and mobile layout)
      | ^^^^^^^
  128 | export default function Navbar() {
  129 |   const [mobileOpen, setMobileOpen] = useState(false);
  130 |   const [openSub, setOpenSub] = useState<string | null>(null);

Parsing ecmascript source code failed

Import trace:
  Server Component:
    ./src/components/Navbar.tsx
    ./src/app/page.tsx @ http://localhost:3001/_next/static/chunks/node_modules_next_dist_0u_w_5s._.js:1945
[ 1018728ms] [ERROR] ./src/components/ProgramsSection.tsx:74:1
Merge conflict marker encountered.
  72 |
  73 |   return (
> 74 | <<<<<<< HEAD
     | ^^^^^^^
  75 |     <section id="courses" className="pt-5 pb-8 md:py-20" style={{ background: 'var(--bg)' }}>
  76 |       <div className="max-w-7xl mx-auto px-4">
  77 | =======

Parsing ecmascript source code failed

Import trace:
  Server Component:
    ./src/components/ProgramsSection.tsx
    ./src/app/page.tsx @ http://localhost:3001/_next/static/chunks/node_modules_next_dist_0u_w_5s._.js:1945
[ 1018728ms] [ERROR] ./src/components/StatsSection.tsx:17:1
Merge conflict marker encountered.
  15 | export default function StatsSection() {
  16 |   return (
> 17 | <<<<<<< HEAD
     | ^^^^^^^
  18 |     <section className="py-10 md:py-16 bg-white border-b border-gray-100">
  19 | =======
  20 |     <section className="py-2 md:py-16 bg-white border-b border-gray-100">

Parsing ecmascript source code failed

Import trace:
  Server Component:
    ./src/components/StatsSection.tsx
    ./src/app/page.tsx @ http://localhost:3001/_next/static/chunks/node_modules_next_dist_0u_w_5s._.js:1945
[ 1018728ms] [ERROR] ./src/components/ProgramsSection.tsx:80:7
Unexpected token. Did you mean `{'>'}` or `&gt;`?
  78 |     <section id="courses" className="pt-2 pb-3 md:py-20" style={{ background: 'var(--bg)' }}>
  79 |       <div className="max-w-7xl mx-auto px-1 md:px-4">
> 80 | >>>>>>> 6a8af1c (feat: add full CLATians website with updated navbar and mobile layout)
     |       ^
  81 |         {/* Section Header — desktop only */}
  82 |         <div className="hidden md:block text-center mb-14">
  83 |           <span className="chip mb-3">Our Programs</span>

Parsing ecmascript source code failed

Import trace:
  Server Component:
    ./src/components/ProgramsSection.tsx
    ./src/app/page.tsx @ http://localhost:3001/_next/static/chunks/node_modules_next_dist_0u_w_5s._.js:1945
[ 1018728ms] [ERROR] ./src/components/StatsSection.tsx:21:7
Unexpected token. Did you mean `{'>'}` or `&gt;`?
  19 | =======
  20 |     <section className="py-2 md:py-16 bg-white border-b border-gray-100">
> 21 | >>>>>>> 6a8af1c (feat: add full CLATians website with updated navbar and mobile layout)
     |       ^
  22 |       <div className="max-w-7xl mx-auto px-4">
  23 |         {/* Desktop: horizontal row */}
  24 |         <div className="hidden md:grid grid-cols-4 gap-6">

Parsing ecmascript source code failed

Import trace:
  Server Component:
    ./src/components/StatsSection.tsx
    ./src/app/page.tsx @ http://localhost:3001/_next/static/chunks/node_modules_next_dist_0u_w_5s._.js:1945
[ 1018781ms] [ERROR] ./src/components/HeroSection.tsx:270:4
Expression expected
  268 |       </div>
  269 |
> 270 | <<<<<<< HEAD
      |    ^^
  271 |       {/* ─── Mobile Hero (clatians.com exact style) ─────────── */}
  272 |       <div className="md:hidden" style={{ background: '#f4f6fa' }}>
  273 |         {/* Slider container */}

Parsing ecmascript source code failed

Import trace:
  Server Component:
    ./src/components/HeroSection.tsx
    ./src/app/page.tsx @ http://localhost:3001/_next/static/chunks/node_modules_next_dist_0u_w_5s._.js:1945
[ 1018781ms] [ERROR] ./src/components/Navbar.tsx:134:4
Expression expected
  132 |   return (
  133 |     <>
> 134 | <<<<<<< HEAD
      |    ^^
  135 | =======
  136 |       <style>{`
  137 |         @keyframes shimmer {

Parsing ecmascript source code failed

Import trace:
  Server Component:
    ./src/components/Navbar.tsx
    ./src/app/page.tsx @ http://localhost:3001/_next/static/chunks/node_modules_next_dist_0u_w_5s._.js:1945
[ 1018781ms] [ERROR] ./src/components/ProgramsSection.tsx:126:4
Expression expected
  124 |         </div>
  125 |
> 126 | <<<<<<< HEAD
      |    ^^
  127 |         {/* Mobile: Tab filters + cards toggle */}
  128 |         <div className="md:hidden">
  129 |           {/* Tab pills */}

Parsing ecmascript source code failed

Import trace:
  Server Component:
    ./src/components/ProgramsSection.tsx
    ./src/app/page.tsx @ http://localhost:3001/_next/static/chunks/node_modules_next_dist_0u_w_5s._.js:1945
[ 1018781ms] [ERROR] ./src/components/StatsSection.tsx:37:4
Expression expected
  35 |         </div>
  36 |
> 37 | <<<<<<< HEAD
     |    ^^
  38 |         {/* Mobile: single row equal boxes */}
  39 |         <div className="md:hidden grid grid-cols-4 gap-2">
  40 |           {mobileStats.map((stat) => (

Parsing ecmascript source code failed

Import trace:
  Server Component:
    ./src/components/StatsSection.tsx
    ./src/app/page.tsx @ http://localhost:3001/_next/static/chunks/node_modules_next_dist_0u_w_5s._.js:1945
[ 1018781ms] [ERROR] ./src/components/Navbar.tsx:127:1
Merge conflict marker encountered.
  125 | }
  126 |
> 127 | >>>>>>> 6a8af1c (feat: add full CLATians website with updated navbar and mobile layout)
      | ^^^^^^^
  128 | export default function Navbar() {
  129 |   const [mobileOpen, setMobileOpen] = useState(false);
  130 |   const [openSub, setOpenSub] = useState<string | null>(null);

Parsing ecmascript source code failed

Import trace:
  Server Component:
    ./src/components/Navbar.tsx
    ./src/app/page.tsx @ http://localhost:3001/_next/static/chunks/node_modules_next_dist_0u_w_5s._.js:1945
[ 1018781ms] [ERROR] ./src/components/ProgramsSection.tsx:74:1
Merge conflict marker encountered.
  72 |
  73 |   return (
> 74 | <<<<<<< HEAD
     | ^^^^^^^
  75 |     <section id="courses" className="pt-5 pb-8 md:py-20" style={{ background: 'var(--bg)' }}>
  76 |       <div className="max-w-7xl mx-auto px-4">
  77 | =======

Parsing ecmascript source code failed

Import trace:
  Server Component:
    ./src/components/ProgramsSection.tsx
    ./src/app/page.tsx @ http://localhost:3001/_next/static/chunks/node_modules_next_dist_0u_w_5s._.js:1945
[ 1018781ms] [ERROR] ./src/components/StatsSection.tsx:17:1
Merge conflict marker encountered.
  15 | export default function StatsSection() {
  16 |   return (
> 17 | <<<<<<< HEAD
     | ^^^^^^^
  18 |     <section className="py-10 md:py-16 bg-white border-b border-gray-100">
  19 | =======
  20 |     <section className="py-2 md:py-16 bg-white border-b border-gray-100">

Parsing ecmascript source code failed

Import trace:
  Server Component:
    ./src/components/StatsSection.tsx
    ./src/app/page.tsx @ http://localhost:3001/_next/static/chunks/node_modules_next_dist_0u_w_5s._.js:1945
[ 1018781ms] [ERROR] ./src/components/ProgramsSection.tsx:80:7
Unexpected token. Did you mean `{'>'}` or `&gt;`?
  78 |     <section id="courses" className="pt-2 pb-3 md:py-20" style={{ background: 'var(--bg)' }}>
  79 |       <div className="max-w-7xl mx-auto px-1 md:px-4">
> 80 | >>>>>>> 6a8af1c (feat: add full CLATians website with updated navbar and mobile layout)
     |       ^
  81 |         {/* Section Header — desktop only */}
  82 |         <div className="hidden md:block text-center mb-14">
  83 |           <span className="chip mb-3">Our Programs</span>

Parsing ecmascript source code failed

Import trace:
  Server Component:
    ./src/components/ProgramsSection.tsx
    ./src/app/page.tsx @ http://localhost:3001/_next/static/chunks/node_modules_next_dist_0u_w_5s._.js:1945
[ 1018781ms] [ERROR] ./src/components/StatsSection.tsx:21:7
Unexpected token. Did you mean `{'>'}` or `&gt;`?
  19 | =======
  20 |     <section className="py-2 md:py-16 bg-white border-b border-gray-100">
> 21 | >>>>>>> 6a8af1c (feat: add full CLATians website with updated navbar and mobile layout)
     |       ^
  22 |       <div className="max-w-7xl mx-auto px-4">
  23 |         {/* Desktop: horizontal row */}
  24 |         <div className="hidden md:grid grid-cols-4 gap-6">

Parsing ecmascript source code failed

Import trace:
  Server Component:
    ./src/components/StatsSection.tsx
    ./src/app/page.tsx @ http://localhost:3001/_next/static/chunks/node_modules_next_dist_0u_w_5s._.js:1945
[ 1018831ms] [LOG] [Fast Refresh] rebuilding @ http://localhost:3001/_next/static/chunks/node_modules_next_dist_0u_w_5s._.js:1226
[ 1019187ms] [ERROR] ./src/components/HeroSection.tsx:270:4
Expression expected
  268 |       </div>
  269 |
> 270 | <<<<<<< HEAD
      |    ^^
  271 |       {/* ─── Mobile Hero (clatians.com exact style) ─────────── */}
  272 |       <div className="md:hidden" style={{ background: '#f4f6fa' }}>
  273 |         {/* Slider container */}

Parsing ecmascript source code failed

Import trace:
  Server Component:
    ./src/components/HeroSection.tsx
    ./src/app/page.tsx @ http://localhost:3001/_next/static/chunks/node_modules_next_dist_0u_w_5s._.js:1945
[ 1019187ms] [ERROR] ./src/components/Navbar.tsx:134:4
Expression expected
  132 |   return (
  133 |     <>
> 134 | <<<<<<< HEAD
      |    ^^
  135 | =======
  136 |       <style>{`
  137 |         @keyframes shimmer {

Parsing ecmascript source code failed

Import trace:
  Server Component:
    ./src/components/Navbar.tsx
    ./src/app/page.tsx @ http://localhost:3001/_next/static/chunks/node_modules_next_dist_0u_w_5s._.js:1945
[ 1019187ms] [ERROR] ./src/components/ProgramsSection.tsx:126:4
Expression expected
  124 |         </div>
  125 |
> 126 | <<<<<<< HEAD
      |    ^^
  127 |         {/* Mobile: Tab filters + cards toggle */}
  128 |         <div className="md:hidden">
  129 |           {/* Tab pills */}

Parsing ecmascript source code failed

Import trace:
  Server Component:
    ./src/components/ProgramsSection.tsx
    ./src/app/page.tsx @ http://localhost:3001/_next/static/chunks/node_modules_next_dist_0u_w_5s._.js:1945
[ 1019187ms] [ERROR] ./src/components/StatsSection.tsx:37:4
Expression expected
  35 |         </div>
  36 |
> 37 | <<<<<<< HEAD
     |    ^^
  38 |         {/* Mobile: single row equal boxes */}
  39 |         <div className="md:hidden grid grid-cols-4 gap-2">
  40 |           {mobileStats.map((stat) => (

Parsing ecmascript source code failed

Import trace:
  Server Component:
    ./src/components/StatsSection.tsx
    ./src/app/page.tsx @ http://localhost:3001/_next/static/chunks/node_modules_next_dist_0u_w_5s._.js:1945
[ 1019187ms] [ERROR] ./src/components/Navbar.tsx:127:1
Merge conflict marker encountered.
  125 | }
  126 |
> 127 | >>>>>>> 6a8af1c (feat: add full CLATians website with updated navbar and mobile layout)
      | ^^^^^^^
  128 | export default function Navbar() {
  129 |   const [mobileOpen, setMobileOpen] = useState(false);
  130 |   const [openSub, setOpenSub] = useState<string | null>(null);

Parsing ecmascript source code failed

Import trace:
  Server Component:
    ./src/components/Navbar.tsx
    ./src/app/page.tsx @ http://localhost:3001/_next/static/chunks/node_modules_next_dist_0u_w_5s._.js:1945
[ 1019187ms] [ERROR] ./src/components/ProgramsSection.tsx:74:1
Merge conflict marker encountered.
  72 |
  73 |   return (
> 74 | <<<<<<< HEAD
     | ^^^^^^^
  75 |     <section id="courses" className="pt-5 pb-8 md:py-20" style={{ background: 'var(--bg)' }}>
  76 |       <div className="max-w-7xl mx-auto px-4">
  77 | =======

Parsing ecmascript source code failed

Import trace:
  Server Component:
    ./src/components/ProgramsSection.tsx
    ./src/app/page.tsx @ http://localhost:3001/_next/static/chunks/node_modules_next_dist_0u_w_5s._.js:1945
[ 1019187ms] [ERROR] ./src/components/StatsSection.tsx:17:1
Merge conflict marker encountered.
  15 | export default function StatsSection() {
  16 |   return (
> 17 | <<<<<<< HEAD
     | ^^^^^^^
  18 |     <section className="py-10 md:py-16 bg-white border-b border-gray-100">
  19 | =======
  20 |     <section className="py-2 md:py-16 bg-white border-b border-gray-100">

Parsing ecmascript source code failed

Import trace:
  Server Component:
    ./src/components/StatsSection.tsx
    ./src/app/page.tsx @ http://localhost:3001/_next/static/chunks/node_modules_next_dist_0u_w_5s._.js:1945
[ 1019187ms] [ERROR] ./src/components/ProgramsSection.tsx:80:7
Unexpected token. Did you mean `{'>'}` or `&gt;`?
  78 |     <section id="courses" className="pt-2 pb-3 md:py-20" style={{ background: 'var(--bg)' }}>
  79 |       <div className="max-w-7xl mx-auto px-1 md:px-4">
> 80 | >>>>>>> 6a8af1c (feat: add full CLATians website with updated navbar and mobile layout)
     |       ^
  81 |         {/* Section Header — desktop only */}
  82 |         <div className="hidden md:block text-center mb-14">
  83 |           <span className="chip mb-3">Our Programs</span>

Parsing ecmascript source code failed

Import trace:
  Server Component:
    ./src/components/ProgramsSection.tsx
    ./src/app/page.tsx @ http://localhost:3001/_next/static/chunks/node_modules_next_dist_0u_w_5s._.js:1945
[ 1019187ms] [ERROR] ./src/components/StatsSection.tsx:21:7
Unexpected token. Did you mean `{'>'}` or `&gt;`?
  19 | =======
  20 |     <section className="py-2 md:py-16 bg-white border-b border-gray-100">
> 21 | >>>>>>> 6a8af1c (feat: add full CLATians website with updated navbar and mobile layout)
     |       ^
  22 |       <div className="max-w-7xl mx-auto px-4">
  23 |         {/* Desktop: horizontal row */}
  24 |         <div className="hidden md:grid grid-cols-4 gap-6">

Parsing ecmascript source code failed

Import trace:
  Server Component:
    ./src/components/StatsSection.tsx
    ./src/app/page.tsx @ http://localhost:3001/_next/static/chunks/node_modules_next_dist_0u_w_5s._.js:1945
[ 1019256ms] [LOG] [Fast Refresh] rebuilding @ http://localhost:3001/_next/static/chunks/node_modules_next_dist_0u_w_5s._.js:1226
[ 1041819ms] [LOG] [Fast Refresh] rebuilding @ http://localhost:3001/_next/static/chunks/node_modules_next_dist_0u_w_5s._.js:1226
[ 1041908ms] [LOG] [Fast Refresh] done in 120ms @ http://localhost:3001/_next/static/chunks/node_modules_next_dist_0u_w_5s._.js:1226
[ 1042035ms] [LOG] [Fast Refresh] rebuilding @ http://localhost:3001/_next/static/chunks/node_modules_next_dist_0u_w_5s._.js:1226
[ 1042078ms] [LOG] [Fast Refresh] done in 144ms @ http://localhost:3001/_next/static/chunks/node_modules_next_dist_0u_w_5s._.js:1226
[ 1042444ms] [INFO] %cDownload the React DevTools for a better development experience: https://react.dev/link/react-devtools font-weight:bold @ http://localhost:3001/_next/static/chunks/node_modules_next_dist_115brz8._.js:2477
[ 1042494ms] [LOG] [HMR] connected @ http://localhost:3001/_next/static/chunks/node_modules_next_dist_115brz8._.js:2477
[ 1438788ms] [LOG] [Fast Refresh] rebuilding @ http://localhost:3001/_next/static/chunks/node_modules_next_dist_115brz8._.js:2477
[ 1438944ms] [LOG] [Fast Refresh] done in 216ms @ http://localhost:3001/_next/static/chunks/node_modules_next_dist_115brz8._.js:2477
[ 1537876ms] [LOG] [Fast Refresh] rebuilding @ http://localhost:3001/_next/static/chunks/node_modules_next_dist_115brz8._.js:2477
[ 1537991ms] [LOG] [Fast Refresh] done in 197ms @ http://localhost:3001/_next/static/chunks/node_modules_next_dist_115brz8._.js:2477
[ 1593170ms] [LOG] [Fast Refresh] rebuilding @ http://localhost:3001/_next/static/chunks/node_modules_next_dist_115brz8._.js:2477
[ 1593352ms] [LOG] [Fast Refresh] done in 255ms @ http://localhost:3001/_next/static/chunks/node_modules_next_dist_115brz8._.js:2477
[ 1616262ms] [LOG] [Fast Refresh] rebuilding @ http://localhost:3001/_next/static/chunks/node_modules_next_dist_115brz8._.js:2477
[ 1616279ms] [LOG] [Fast Refresh] done in 119ms @ http://localhost:3001/_next/static/chunks/node_modules_next_dist_115brz8._.js:2477
[ 1616739ms] [LOG] [Fast Refresh] rebuilding @ http://localhost:3001/_next/static/chunks/node_modules_next_dist_115brz8._.js:2477
[ 1616774ms] [LOG] [Fast Refresh] done in 137ms @ http://localhost:3001/_next/static/chunks/node_modules_next_dist_115brz8._.js:2477
[ 1620141ms] [LOG] [Fast Refresh] rebuilding @ http://localhost:3001/_next/static/chunks/node_modules_next_dist_115brz8._.js:2477
[ 1620268ms] [LOG] [Fast Refresh] done in 228ms @ http://localhost:3001/_next/static/chunks/node_modules_next_dist_115brz8._.js:2477
[ 1649421ms] [LOG] [Fast Refresh] rebuilding @ http://localhost:3001/_next/static/chunks/node_modules_next_dist_115brz8._.js:2477
[ 1649441ms] [LOG] [Fast Refresh] done in 121ms @ http://localhost:3001/_next/static/chunks/node_modules_next_dist_115brz8._.js:2477
[ 1650448ms] [LOG] [Fast Refresh] rebuilding @ http://localhost:3001/_next/static/chunks/node_modules_next_dist_115brz8._.js:2477
[ 1651086ms] [LOG] [Fast Refresh] done in 741ms @ http://localhost:3001/_next/static/chunks/node_modules_next_dist_115brz8._.js:2477
[ 2084892ms] [LOG] [Fast Refresh] rebuilding @ http://localhost:3001/_next/static/chunks/node_modules_next_dist_115brz8._.js:2477
[ 2085088ms] [LOG] [Fast Refresh] done in 259ms @ http://localhost:3001/_next/static/chunks/node_modules_next_dist_115brz8._.js:2477
[ 2085273ms] [LOG] [Fast Refresh] rebuilding @ http://localhost:3001/_next/static/chunks/node_modules_next_dist_115brz8._.js:2477
[ 2085481ms] [LOG] [Fast Refresh] done in 310ms @ http://localhost:3001/_next/static/chunks/node_modules_next_dist_115brz8._.js:2477
[ 2132587ms] [LOG] [Fast Refresh] rebuilding @ http://localhost:3001/_next/static/chunks/node_modules_next_dist_115brz8._.js:2477
[ 2132850ms] [LOG] [Fast Refresh] done in 322ms @ http://localhost:3001/_next/static/chunks/node_modules_next_dist_115brz8._.js:2477
[ 2157488ms] [LOG] [Fast Refresh] rebuilding @ http://localhost:3001/_next/static/chunks/node_modules_next_dist_115brz8._.js:2477
[ 2157518ms] [LOG] [Fast Refresh] done in 74ms @ http://localhost:3001/_next/static/chunks/node_modules_next_dist_115brz8._.js:2477
[ 2186017ms] [LOG] [Fast Refresh] rebuilding @ http://localhost:3001/_next/static/chunks/node_modules_next_dist_115brz8._.js:2477
[ 2186180ms] [LOG] [Fast Refresh] done in 265ms @ http://localhost:3001/_next/static/chunks/node_modules_next_dist_115brz8._.js:2477
[ 2230352ms] [LOG] [Fast Refresh] rebuilding @ http://localhost:3001/_next/static/chunks/node_modules_next_dist_115brz8._.js:2477
[ 2230525ms] [LOG] [Fast Refresh] done in 274ms @ http://localhost:3001/_next/static/chunks/node_modules_next_dist_115brz8._.js:2477
